第1组数据:
[[ 1.90639965e-08  1.90268266e-08  1.11288965e-05  1.38360938e-08
   4.99506611e-09  1.09655015e-05  2.23636713e-08  4.08061837e-09
   1.09306059e-05  1.46114494e-08  7.88062112e-09  1.09617237e-05
   2.22533353e-08  3.30305614e-10  1.09280289e-05  1.35549163e-08
   2.05141083e-09  1.09617846e-05  2.23177197e-08  4.27229801e-09
   1.09306209e-05  1.27451071e-08  3.40201175e-09  1.09657858e-05
   1.73566626e-08  4.88027497e-08  1.11866953e-05  5.57546091e-09
   1.31986021e-08  1.09655015e-05  3.32331648e-09  3.24937149e-09
   1.07787213e-05  3.54518553e-09  5.18056777e-09  1.07595300e-05
   8.98047941e-09  1.10988784e-08  1.07745404e-05  3.40476812e-09
   1.25586893e-09  1.07577750e-05  3.24546773e-09  7.49996865e-09
   1.07745279e-05  6.96239223e-09  1.53285739e-09  1.07595735e-05
   3.03450040e-09  3.23037384e-09  1.07790859e-05  3.09470078e-09
   4.64221511e-08  1.10713664e-05  1.63626012e-09  2.24439664e-08
   1.09306019e-05  2.18273800e-09  5.09255922e-09  1.07595328e-05
   3.89451223e-09  2.21161448e-09  1.07411908e-05  1.70894940e-09
   1.22477375e-09  1.07550349e-05  2.18759673e-09  3.49652166e-09
   1.07396016e-05  1.37443599e-09  1.45730185e-09  1.07550225e-05
   1.19276727e-09  1.25858544e-09  1.07412379e-05  2.10360457e-09
   3.66240536e-09  1.07598895e-05  6.43875428e-09  4.90763999e-08
   1.09910073e-05  7.95683294e-10  1.36362168e-08  1.09617239e-05
   1.45482208e-09  3.16184558e-09  1.07745327e-05  6.49683275e-09
   1.14003966e-09  1.07550341e-05  1.25174658e-09  1.17311509e-09
   1.07700900e-05  1.37801160e-09  4.88728176e-10  1.07535191e-05
   2.01698744e-09  4.17136911e-09  1.07700728e-05  4.63252430e-09
   2.40283332e-09  1.07550777e-05  1.73292471e-09  3.84805219e-09
   1.07749117e-05  9.09859860e-10  4.65469988e-08  1.10676846e-05
   3.78314003e-09  2.23853328e-08  1.09280273e-05  3.90377107e-09
   3.77302180e-09  1.07577719e-05  5.06215777e-09  7.61190312e-09
   1.07396004e-05  3.55775227e-09  1.49795900e-09  1.07535167e-05
   8.00320571e-10  1.21919578e-09  1.07381376e-05  1.01281105e-09
   1.06668314e-09  1.07534957e-05  2.05600554e-09  1.44640146e-09
   1.07396392e-05  4.26125708e-12  3.89470660e-09  1.07580931e-05
   1.79374046e-09  4.90509385e-08  1.09882849e-05  9.98093655e-10
   1.35759562e-08  1.09617834e-05  2.03942478e-09  3.15752597e-09
   1.07745356e-05  1.19458815e-09  1.14953166e-09  1.07550225e-05
   1.52092628e-09  1.38963174e-09  1.07700759e-05  1.06025472e-09
   1.48830569e-09  1.07534990e-05  1.99981622e-09  1.64855888e-09
   1.07700549e-05  2.31913842e-09  5.60321460e-09  1.07550665e-05
   1.30262621e-09  6.00348226e-09  1.07749187e-05  4.64167539e-09
   4.65562052e-08  1.10677496e-05  1.96088362e-09  2.23208162e-08
   1.09306216e-05  1.28036333e-09  3.18845518e-09  1.07595731e-05
   4.32962084e-09  1.17608657e-09  1.07412389e-05  4.03057121e-09
   3.12604440e-09  1.07550778e-05  2.58612315e-09  1.78909831e-10
   1.07396381e-05  2.41558914e-09  2.98381124e-09  1.07550746e-05
   3.79649351e-09  1.42805932e-09  1.07412846e-05  2.68519886e-09
   3.53067606e-09  1.07599198e-05  2.84614146e-09  4.90018444e-08
   1.09910226e-05  2.76447313e-09  1.27487508e-08  1.09657843e-05
   4.47269975e-09  3.94301819e-09  1.07790789e-05  4.15542353e-09
   1.26498177e-09  1.07598880e-05  2.94239414e-09  9.99733319e-10
   1.07749124e-05  4.00469244e-09  2.16801841e-10  1.07580922e-05
   3.67030375e-09  1.37545580e-09  1.07749183e-05  2.87262583e-09
   1.40442114e-09  1.07599207e-05  7.34037138e-09  3.10232931e-09
   1.07794533e-05  2.24829973e-09  4.59452056e-08  1.10716194e-05
   4.87385039e-08  1.75328922e-08  1.11866897e-05  4.61404871e-08
   3.77729178e-09  1.10713721e-05  5.00650695e-08  3.68721107e-09
   1.09910088e-05  4.65935123e-08  8.73090336e-10  1.10676829e-05
   4.89283709e-08  4.17678830e-10  1.09882835e-05  4.65679004e-08
   8.30556642e-10  1.10677462e-05  4.89757355e-08  3.20542663e-09
   1.09910212e-05  4.58212720e-08  2.88167796e-09  1.10716188e-05
   4.64242483e-08  4.66046347e-08  1.12444742e-05  2.00000000e+00
  -2.00000000e+00 -4.00000000e+00  1.64000000e-01  5.43000000e-01
   5.00000000e+07  8.74999973e-04]]
第2组数据:
[[ 3.83598580e-04  2.03140026e-04  1.29490867e-03  4.22610161e-04
   1.15539501e-04  1.42531008e-03  4.35546192e-04  7.21028172e-06
   1.47049225e-03  4.19292896e-04  1.01241900e-04  1.42097322e-03
   3.77845374e-04  1.88788103e-04  1.28933934e-03  3.21253301e-04
   2.43059984e-04  1.10525951e-03  2.59324063e-04  2.61765013e-04
   9.01438217e-04  2.01077414e-04  2.52967812e-04  7.06227444e-04
   1.50515880e-04  2.26332936e-04  5.34735213e-04  3.64909075e-04
   2.56195731e-04  1.61745045e-03  4.04280277e-04  1.46536893e-04
   1.79099837e-03  4.17357255e-04  8.84524496e-06  1.85135274e-03
   4.00525849e-04  1.29314491e-04  1.78438387e-03  3.58374216e-04
   2.38768532e-04  1.60816948e-03  3.01199574e-04  3.03526182e-04
   1.36491928e-03  2.40071826e-04  3.22481098e-04  1.09977795e-03
   1.83321505e-04  3.07023281e-04  8.50194924e-04  1.35438102e-04
   2.70899720e-04  6.35300571e-04  2.92497086e-04  3.05317816e-04
   1.91308663e-03  3.25524004e-04  1.75291049e-04  2.12857725e-03
   3.36283673e-04  9.93770883e-06  2.20349585e-03  3.21757289e-04
   1.55572344e-04  2.11906959e-03  2.86043723e-04  2.84962542e-04
   1.89918262e-03  2.38204023e-04  3.58695453e-04  1.59894677e-03
   1.87795374e-04  3.76890985e-04  1.27587231e-03  1.41744482e-04
   3.54673245e-04  9.75955913e-04  1.03471350e-04  3.09062396e-04
   7.21097114e-04  1.64680322e-04  3.39959435e-04  2.12214454e-03
   1.83651368e-04  1.95672277e-04  2.36823634e-03  1.89728971e-04
   1.05575833e-05  2.45355795e-03  1.81116104e-04  1.74499258e-04
   2.35593234e-03  1.60300675e-04  3.17900313e-04  2.10373000e-03
   1.32668462e-04  3.97607665e-04  1.76186795e-03  1.03848971e-04
   4.14781926e-04  1.39709709e-03  7.78076158e-05  3.87393258e-04
   1.06153449e-03  5.64388901e-05  3.35290927e-04  7.79394295e-04
   2.08130500e-08  3.51845526e-04  2.19309635e-03  7.85684283e-07
   2.02621791e-04  2.44973987e-03  2.35024089e-06  1.10274366e-05
   2.53861919e-03  1.29544706e-06  1.80982083e-04  2.43638732e-03
   2.46851709e-07  3.29141567e-04  2.17299817e-03  2.02632495e-07
   4.10812399e-04  1.81679006e-03  4.23656833e-09  4.27568382e-04
   1.43774626e-03  1.69046403e-07  3.98358149e-04  1.09007134e-03
   1.73594611e-07  3.43666628e-04  7.98215562e-04  1.64681728e-04
   3.37678409e-04  2.10656801e-03  1.83652229e-04  1.94330245e-04
   2.35045993e-03  1.89724013e-04  1.06068961e-05  2.43511370e-03
   1.81112669e-04  1.73066850e-04  2.33857425e-03  1.60300048e-04
   3.15516508e-04  2.08885423e-03  1.32672890e-04  3.94852355e-04
   1.75011233e-03  1.03846101e-04  4.12144907e-04  1.38841057e-03
   7.78055236e-05  3.85141813e-04  1.05543504e-03  5.64338433e-05
   3.33534467e-04  7.75325069e-04  2.92493570e-04  3.01040949e-04
   1.88567573e-03  3.25509360e-04  1.72942006e-04  2.09733254e-03
   3.36282368e-04  9.91469160e-06  2.17102448e-03  3.21740914e-04
   1.53142483e-04  2.08839454e-03  2.86034974e-04  2.80862814e-04
   1.87273033e-03  2.38189204e-04  3.53902677e-04  1.57786402e-03
   1.87791871e-04  3.72257329e-04  1.26014763e-03  1.41742789e-04
   3.50674271e-04  9.64806789e-04  1.03462534e-04  3.05855228e-04
   7.13544066e-04  3.64851551e-04  2.51481306e-04  1.58538361e-03
   4.04227159e-04  1.43731515e-04  1.75461222e-03  4.17285795e-04
   8.67320579e-06  1.81352277e-03  4.00447759e-04  1.26477321e-04
   1.74846830e-03  3.58309813e-04  2.33915702e-04  1.57689676e-03
   3.01156558e-04  2.97794020e-04  1.33967999e-03  2.40027991e-04
   3.16829268e-04  1.08067074e-03  1.83282379e-04  3.02075003e-04
   8.36441671e-04  1.35413037e-04  2.66913640e-04  6.25901792e-04
   3.81546416e-04  1.97972449e-04  1.26075387e-03  4.20945929e-04
   1.12828896e-04  1.38759220e-03  4.33208857e-04  7.24304227e-06
   1.43078709e-03  4.17553871e-04  9.84922616e-05  1.38375875e-03
   3.75881213e-04  1.83985587e-04  1.25602575e-03  3.19905092e-04
   2.37363711e-04  1.07849926e-03  2.58044093e-04  2.55981529e-04
   8.80426696e-04  2.00248762e-04  2.47876580e-04  6.91142450e-04
   1.49833818e-04  2.22002140e-04  5.23822799e-04  0.00000000e+00
  -1.00000000e+00 -5.00000000e+00  1.43000000e-01  5.93000000e-01
   1.46198830e+07  1.24999996e-04]]
第3组数据:
[[ 2.03140790e-04  3.83599551e-04  1.29489499e-03  2.56188896e-04
   3.64912645e-04  1.61743811e-03  3.05322355e-04  2.92500415e-04
   1.91307366e-03  3.39967749e-04  1.64694580e-04  2.12213179e-03
   3.51844556e-04  3.52350593e-08  2.19308514e-03  3.37678174e-04
   1.64683268e-04  2.10655384e-03  3.01042023e-04  2.92493775e-04
   1.88566318e-03  2.51479206e-04  3.64851392e-04  1.58536733e-03
   1.97977949e-04  3.81550317e-04  1.26073989e-03  1.15540815e-04
   4.22610962e-04  1.42529742e-03  1.46535015e-04  4.04288678e-04
   1.79098170e-03  1.75286517e-04  3.25521066e-04  2.12856161e-03
   1.95708112e-04  1.83699827e-04  2.36822233e-03  2.02622926e-04
   6.70775111e-08  2.44972852e-03  1.94330437e-04  1.83651431e-04
   2.35044912e-03  1.72936181e-04  3.25509391e-04  2.09732100e-03
   1.43731159e-04  4.04221211e-04  1.75460058e-03  1.12840513e-04
   4.20936357e-04  1.38758092e-03  7.20832043e-06  4.35545195e-04
   1.47047813e-03  8.71249702e-06  4.17357022e-04  1.85134328e-03
   9.86592947e-06  3.36285490e-04  2.20348276e-03  1.06253058e-05
   1.89732854e-04  2.45354650e-03  1.08320600e-05  2.58446696e-07
   2.53860434e-03  1.06229179e-05  1.89722625e-04  2.43510102e-03
   9.91820361e-06  3.36278012e-04  2.17101356e-03  8.67346197e-06
   4.17278135e-04  1.81351167e-03  7.24030230e-06  4.33212024e-04
   1.43077578e-03  1.01239394e-04  4.19291534e-04  1.42096133e-03
   1.29305022e-04  4.00526235e-04  1.78437200e-03  1.55573544e-04
   3.21754514e-04  2.11905793e-03  1.74499451e-04  1.81117164e-04
   2.35591889e-03  1.80983259e-04  5.50699813e-07  2.43637576e-03
   1.73069536e-04  1.81117771e-04  2.33856317e-03  1.53146940e-04
   3.21745212e-04  2.08838136e-03  1.26488775e-04  4.00448311e-04
   1.74845711e-03  9.84895230e-05  4.17553289e-04  1.38374587e-03
   1.88788942e-04  3.77849344e-04  1.28932394e-03  2.38766598e-04
   3.58372977e-04  1.60815358e-03  2.84973725e-04  2.86040425e-04
   1.89917328e-03  3.17903155e-04  1.60303903e-04  2.10371689e-03
   3.29134893e-04  8.95072410e-07  2.17298451e-03  3.15516194e-04
   1.60298833e-04  2.08884100e-03  2.80855797e-04  2.86033194e-04
   1.87271507e-03  2.33916349e-04  3.58303609e-04  1.57688582e-03
   1.83988365e-04  3.75879373e-04  1.25601330e-03  2.43056673e-04
   3.21255173e-04  1.10524808e-03  3.03521690e-04  3.01199501e-04
   1.36490652e-03  3.58694952e-04  2.38201930e-04  1.59893450e-03
   3.97603287e-04  1.32669331e-04  1.76185356e-03  4.10817644e-04
   1.07400436e-06  1.81677815e-03  3.94841526e-04  1.32664373e-04
   1.75009851e-03  3.53907027e-04  2.38199029e-04  1.57784942e-03
   2.97783008e-04  3.01142229e-04  1.33966860e-03  2.37363898e-04
   3.19905496e-04  1.07848436e-03  2.61766230e-04  2.59324492e-04
   9.01425315e-04  3.22478583e-04  2.40075800e-04  1.09976669e-03
   3.76896529e-04  1.87799490e-04  1.27585862e-03  4.14785729e-04
   1.03850837e-04  1.39708251e-03  4.27566132e-04  2.47222531e-07
   1.43773423e-03  4.12140049e-04  1.03845944e-04  1.38839766e-03
   3.72262159e-04  1.87786653e-04  1.26013428e-03  3.16832325e-04
   2.40025848e-04  1.08065747e-03  2.55982502e-04  2.58043453e-04
   8.80412372e-04  2.52969570e-04  2.01077452e-04  7.06218074e-04
   3.07025098e-04  1.83324014e-04  8.50180435e-04  3.54676027e-04
   1.41742853e-04  9.75938305e-04  3.87390562e-04  7.78080365e-05
   1.06151918e-03  3.98363836e-04  2.46525834e-07  1.09005872e-03
   3.85149297e-04  7.78094097e-05  1.05542183e-03  3.50677146e-04
   1.41740041e-04  9.64794235e-04  3.02070172e-04  1.83287428e-04
   8.36428279e-04  2.47879268e-04  2.00247078e-04  6.91133848e-04
   2.26324695e-04  1.50520398e-04  5.34724137e-04  2.70903643e-04
   1.35438397e-04  6.35283602e-04  3.09052896e-04  1.03472560e-04
   7.21083729e-04  3.35289239e-04  5.64420854e-05  7.79385710e-04
   3.43667465e-04  1.42879066e-08  7.98201764e-04  3.33536763e-04
   5.64387327e-05  7.75311701e-04  3.05856439e-04  1.03462003e-04
   7.13531698e-04  2.66916083e-04  1.35410803e-04  6.25882529e-04
   2.22008722e-04  1.49827754e-04  5.23808977e-04 -1.00000000e+00
   0.00000000e+00 -5.00000000e+00  1.54000000e-01  4.62000000e-01
   3.76676209e+07  1.25666496e-06]]
